d:\sourcescode\cpp_sources\castlevania\castlevania\x64\debug\vc143.pdb
d:\sourcescode\cpp_sources\castlevania\castlevania\x64\debug\vc143.idb
d:\sourcescode\cpp_sources\castlevania\castlevania\x64\debug\textures.obj
d:\sourcescode\cpp_sources\castlevania\castlevania\x64\debug\sprite.obj
d:\sourcescode\cpp_sources\castlevania\castlevania\x64\debug\samplekeyeventhandler.obj
d:\sourcescode\cpp_sources\castlevania\castlevania\x64\debug\mario.obj
d:\sourcescode\cpp_sources\castlevania\castlevania\x64\debug\main.obj
d:\sourcescode\cpp_sources\castlevania\castlevania\x64\debug\gameobject.obj
d:\sourcescode\cpp_sources\castlevania\castlevania\x64\debug\game.obj
d:\sourcescode\cpp_sources\castlevania\castlevania\x64\debug\debug.obj
d:\sourcescode\cpp_sources\castlevania\castlevania\x64\debug\brick.obj
d:\sourcescode\cpp_sources\castlevania\castlevania\x64\debug\animations.obj
d:\sourcescode\cpp_sources\castlevania\castlevania\x64\debug\animation.obj
d:\sourcescode\cpp_sources\castlevania\x64\debug\d3dcompiler_43.dll
d:\sourcescode\cpp_sources\castlevania\x64\debug\d3dx9d_43.dll
d:\sourcescode\cpp_sources\castlevania\x64\debug\d3dx10d_43.dll
d:\sourcescode\cpp_sources\castlevania\x64\debug\d3dx11d_43.dll
d:\sourcescode\cpp_sources\castlevania\x64\debug\castlevania.exe
d:\sourcescode\cpp_sources\castlevania\x64\debug\castlevania.pdb
d:\sourcescode\cpp_sources\castlevania\castlevania\x64\debug\castlevania.res
d:\sourcescode\cpp_sources\castlevania\castlevania\x64\debug\castlevania.ilk
d:\sourcescode\cpp_sources\castlevania\castlevania\x64\debug\castlevania.tlog\cl.command.1.tlog
d:\sourcescode\cpp_sources\castlevania\castlevania\x64\debug\castlevania.tlog\cl.items.tlog
d:\sourcescode\cpp_sources\castlevania\castlevania\x64\debug\castlevania.tlog\cl.read.1.tlog
d:\sourcescode\cpp_sources\castlevania\castlevania\x64\debug\castlevania.tlog\cl.write.1.tlog
d:\sourcescode\cpp_sources\castlevania\castlevania\x64\debug\castlevania.tlog\copylocal.read.1u.tlog
d:\sourcescode\cpp_sources\castlevania\castlevania\x64\debug\castlevania.tlog\copylocal.write.1u.tlog
d:\sourcescode\cpp_sources\castlevania\castlevania\x64\debug\castlevania.tlog\link.command.1.tlog
d:\sourcescode\cpp_sources\castlevania\castlevania\x64\debug\castlevania.tlog\link.read.1.tlog
d:\sourcescode\cpp_sources\castlevania\castlevania\x64\debug\castlevania.tlog\link.secondary.1.tlog
d:\sourcescode\cpp_sources\castlevania\castlevania\x64\debug\castlevania.tlog\link.write.1.tlog
d:\sourcescode\cpp_sources\castlevania\castlevania\x64\debug\castlevania.tlog\rc.command.1.tlog
d:\sourcescode\cpp_sources\castlevania\castlevania\x64\debug\castlevania.tlog\rc.read.1.tlog
d:\sourcescode\cpp_sources\castlevania\castlevania\x64\debug\castlevania.tlog\rc.write.1.tlog
